<?xml version="1.0" encoding="UTF-8"?>
<testsuites>
  <testsuite name="" tests="22" assertions="58" errors="0" warnings="0" failures="0" skipped="0" time="0.030779">
    <testsuite name="Project Test Suite" tests="22" assertions="58" errors="0" warnings="0" failures="0" skipped="0" time="0.030779">
      <testsuite name="App\Classes\BlackJackGame\BlackJackGameTest" file="/home/asili/dbwebb-kurser/mvc/me/report/tests/BlackJackGame/BlackJackGameTest.php" tests="3" assertions="18" errors="0" warnings="0" failures="0" skipped="0" time="0.016253">
        <testcase name="testStartGame" class="App\Classes\BlackJackGame\BlackJackGameTest" classname="App.Classes.BlackJackGame.BlackJackGameTest" file="/home/asili/dbwebb-kurser/mvc/me/report/tests/BlackJackGame/BlackJackGameTest.php" line="14" assertions="8" time="0.009526"/>
        <testcase name="testHit" class="App\Classes\BlackJackGame\BlackJackGameTest" classname="App.Classes.BlackJackGame.BlackJackGameTest" file="/home/asili/dbwebb-kurser/mvc/me/report/tests/BlackJackGame/BlackJackGameTest.php" line="42" assertions="2" time="0.001001"/>
        <testcase name="testStand" class="App\Classes\BlackJackGame\BlackJackGameTest" classname="App.Classes.BlackJackGame.BlackJackGameTest" file="/home/asili/dbwebb-kurser/mvc/me/report/tests/BlackJackGame/BlackJackGameTest.php" line="69" assertions="8" time="0.005726"/>
      </testsuite>
      <testsuite name="App\Classes\BlackJackGame\BlackJackHandTest" file="/home/asili/dbwebb-kurser/mvc/me/report/tests/BlackJackGame/BlackJackHandTest.php" tests="2" assertions="4" errors="0" warnings="0" failures="0" skipped="0" time="0.000787">
        <testcase name="testCreateHand" class="App\Classes\BlackJackGame\BlackJackHandTest" classname="App.Classes.BlackJackGame.BlackJackHandTest" file="/home/asili/dbwebb-kurser/mvc/me/report/tests/BlackJackGame/BlackJackHandTest.php" line="17" assertions="1" time="0.000340"/>
        <testcase name="testHandGetPoints" class="App\Classes\BlackJackGame\BlackJackHandTest" classname="App.Classes.BlackJackGame.BlackJackHandTest" file="/home/asili/dbwebb-kurser/mvc/me/report/tests/BlackJackGame/BlackJackHandTest.php" line="26" assertions="3" time="0.000447"/>
      </testsuite>
      <testsuite name="App\Classes\Cards\CardGraphicTest" file="/home/asili/dbwebb-kurser/mvc/me/report/tests/Cards/CardGraphicTest.php" tests="2" assertions="2" errors="0" warnings="0" failures="0" skipped="0" time="0.001049">
        <testcase name="testCreateCard" class="App\Classes\Cards\CardGraphicTest" classname="App.Classes.Cards.CardGraphicTest" file="/home/asili/dbwebb-kurser/mvc/me/report/tests/Cards/CardGraphicTest.php" line="12" assertions="1" time="0.000732"/>
        <testcase name="testGetRepresentation" class="App\Classes\Cards\CardGraphicTest" classname="App.Classes.Cards.CardGraphicTest" file="/home/asili/dbwebb-kurser/mvc/me/report/tests/Cards/CardGraphicTest.php" line="22" assertions="1" time="0.000318"/>
      </testsuite>
      <testsuite name="CardHandTest" file="/home/asili/dbwebb-kurser/mvc/me/report/tests/Cards/CardHandTest.php" tests="3" assertions="7" errors="0" warnings="0" failures="0" skipped="0" time="0.002083">
        <testcase name="testCreateCardHand" class="CardHandTest" classname="CardHandTest" file="/home/asili/dbwebb-kurser/mvc/me/report/tests/Cards/CardHandTest.php" line="12" assertions="2" time="0.000337"/>
        <testcase name="testGetCards" class="CardHandTest" classname="CardHandTest" file="/home/asili/dbwebb-kurser/mvc/me/report/tests/Cards/CardHandTest.php" line="27" assertions="3" time="0.001427"/>
        <testcase name="testDrawCard" class="CardHandTest" classname="CardHandTest" file="/home/asili/dbwebb-kurser/mvc/me/report/tests/Cards/CardHandTest.php" line="42" assertions="2" time="0.000319"/>
      </testsuite>
      <testsuite name="App\Classes\Cards\CardTest" file="/home/asili/dbwebb-kurser/mvc/me/report/tests/Cards/CardTest.php" tests="4" assertions="7" errors="0" warnings="0" failures="0" skipped="0" time="0.001732">
        <testcase name="testCreateCard" class="App\Classes\Cards\CardTest" classname="App.Classes.Cards.CardTest" file="/home/asili/dbwebb-kurser/mvc/me/report/tests/Cards/CardTest.php" line="12" assertions="2" time="0.000588"/>
        <testcase name="testGetName" class="App\Classes\Cards\CardTest" classname="App.Classes.Cards.CardTest" file="/home/asili/dbwebb-kurser/mvc/me/report/tests/Cards/CardTest.php" line="32" assertions="1" time="0.000406"/>
        <testcase name="testSymbol" class="App\Classes\Cards\CardTest" classname="App.Classes.Cards.CardTest" file="/home/asili/dbwebb-kurser/mvc/me/report/tests/Cards/CardTest.php" line="41" assertions="1" time="0.000311"/>
        <testcase name="testHideCard" class="App\Classes\Cards\CardTest" classname="App.Classes.Cards.CardTest" file="/home/asili/dbwebb-kurser/mvc/me/report/tests/Cards/CardTest.php" line="50" assertions="3" time="0.000426"/>
      </testsuite>
      <testsuite name="App\Classes\Cards\DeckOfCardsTest" file="/home/asili/dbwebb-kurser/mvc/me/report/tests/Cards/DeckOfCardsTest.php" tests="8" assertions="20" errors="0" warnings="0" failures="0" skipped="0" time="0.008875">
        <testcase name="testCreateDeckOfCard" class="App\Classes\Cards\DeckOfCardsTest" classname="App.Classes.Cards.DeckOfCardsTest" file="/home/asili/dbwebb-kurser/mvc/me/report/tests/Cards/DeckOfCardsTest.php" line="13" assertions="4" time="0.000557"/>
        <testcase name="testAddJokersAndResetDeck" class="App\Classes\Cards\DeckOfCardsTest" classname="App.Classes.Cards.DeckOfCardsTest" file="/home/asili/dbwebb-kurser/mvc/me/report/tests/Cards/DeckOfCardsTest.php" line="30" assertions="2" time="0.000816"/>
        <testcase name="testShuffleDeck" class="App\Classes\Cards\DeckOfCardsTest" classname="App.Classes.Cards.DeckOfCardsTest" file="/home/asili/dbwebb-kurser/mvc/me/report/tests/Cards/DeckOfCardsTest.php" line="44" assertions="2" time="0.000575"/>
        <testcase name="testSortDeck" class="App\Classes\Cards\DeckOfCardsTest" classname="App.Classes.Cards.DeckOfCardsTest" file="/home/asili/dbwebb-kurser/mvc/me/report/tests/Cards/DeckOfCardsTest.php" line="58" assertions="2" time="0.003771"/>
        <testcase name="testDrawCard" class="App\Classes\Cards\DeckOfCardsTest" classname="App.Classes.Cards.DeckOfCardsTest" file="/home/asili/dbwebb-kurser/mvc/me/report/tests/Cards/DeckOfCardsTest.php" line="75" assertions="3" time="0.001068"/>
        <testcase name="testDealCards" class="App\Classes\Cards\DeckOfCardsTest" classname="App.Classes.Cards.DeckOfCardsTest" file="/home/asili/dbwebb-kurser/mvc/me/report/tests/Cards/DeckOfCardsTest.php" line="92" assertions="5" time="0.000883"/>
        <testcase name="testDealThreeCardsToZeroPlayers" class="App\Classes\Cards\DeckOfCardsTest" classname="App.Classes.Cards.DeckOfCardsTest" file="/home/asili/dbwebb-kurser/mvc/me/report/tests/Cards/DeckOfCardsTest.php" line="110" assertions="1" time="0.000652"/>
        <testcase name="testDealZeroCardsToThreePlayers" class="App\Classes\Cards\DeckOfCardsTest" classname="App.Classes.Cards.DeckOfCardsTest" file="/home/asili/dbwebb-kurser/mvc/me/report/tests/Cards/DeckOfCardsTest.php" line="118" assertions="1" time="0.000553"/>
      </testsuite>
    </testsuite>
  </testsuite>
</testsuites>
