<?xml version="1.0" encoding="UTF-8"?>
<testsuites>
  <testsuite name="" tests="1" assertions="5" errors="0" warnings="0" failures="0" skipped="0" time="0.004143">
    <testsuite name="Project Test Suite" tests="1" assertions="5" errors="0" warnings="0" failures="0" skipped="0" time="0.004143">
      <testsuite name="App\Classes\Cards\DeckOfCardsTest" file="/home/asili/dbwebb-kurser/mvc/me/report/tests/Cards/DeckOfCardsTest.php" tests="1" assertions="5" errors="0" warnings="0" failures="0" skipped="0" time="0.004143">
        <testcase name="testDealCards" class="App\Classes\Cards\DeckOfCardsTest" classname="App.Classes.Cards.DeckOfCardsTest" file="/home/asili/dbwebb-kurser/mvc/me/report/tests/Cards/DeckOfCardsTest.php" line="92" assertions="5" time="0.004143"/>
      </testsuite>
    </testsuite>
  </testsuite>
</testsuites>
