<?xml version="1.0" encoding="UTF-8"?>
<testsuites>
  <testsuite name="" tests="38" assertions="110" errors="0" warnings="0" failures="0" skipped="0" time="0.050506">
    <testsuite name="Project Test Suite" tests="38" assertions="110" errors="0" warnings="0" failures="0" skipped="0" time="0.050506">
      <testsuite name="App\Classes\BlackJackGame\BlackJackGameTest" file="/home/asili/dbwebb-kurser/mvc/me/report/tests/BlackJackGame/BlackJackGameTest.php" tests="3" assertions="18" errors="0" warnings="0" failures="0" skipped="0" time="0.017736">
        <testcase name="testStartGame" class="App\Classes\BlackJackGame\BlackJackGameTest" classname="App.Classes.BlackJackGame.BlackJackGameTest" file="/home/asili/dbwebb-kurser/mvc/me/report/tests/BlackJackGame/BlackJackGameTest.php" line="14" assertions="8" time="0.012008"/>
        <testcase name="testHit" class="App\Classes\BlackJackGame\BlackJackGameTest" classname="App.Classes.BlackJackGame.BlackJackGameTest" file="/home/asili/dbwebb-kurser/mvc/me/report/tests/BlackJackGame/BlackJackGameTest.php" line="42" assertions="2" time="0.000925"/>
        <testcase name="testStand" class="App\Classes\BlackJackGame\BlackJackGameTest" classname="App.Classes.BlackJackGame.BlackJackGameTest" file="/home/asili/dbwebb-kurser/mvc/me/report/tests/BlackJackGame/BlackJackGameTest.php" line="69" assertions="8" time="0.004803"/>
      </testsuite>
      <testsuite name="App\Classes\BlackJackGame\BlackJackHandTest" file="/home/asili/dbwebb-kurser/mvc/me/report/tests/BlackJackGame/BlackJackHandTest.php" tests="2" assertions="4" errors="0" warnings="0" failures="0" skipped="0" time="0.001028">
        <testcase name="testCreateHand" class="App\Classes\BlackJackGame\BlackJackHandTest" classname="App.Classes.BlackJackGame.BlackJackHandTest" file="/home/asili/dbwebb-kurser/mvc/me/report/tests/BlackJackGame/BlackJackHandTest.php" line="17" assertions="1" time="0.000477"/>
        <testcase name="testHandGetPoints" class="App\Classes\BlackJackGame\BlackJackHandTest" classname="App.Classes.BlackJackGame.BlackJackHandTest" file="/home/asili/dbwebb-kurser/mvc/me/report/tests/BlackJackGame/BlackJackHandTest.php" line="26" assertions="3" time="0.000551"/>
      </testsuite>
      <testsuite name="App\Classes\Cards\CardGraphicTest" file="/home/asili/dbwebb-kurser/mvc/me/report/tests/Cards/CardGraphicTest.php" tests="2" assertions="2" errors="0" warnings="0" failures="0" skipped="0" time="0.001114">
        <testcase name="testCreateCard" class="App\Classes\Cards\CardGraphicTest" classname="App.Classes.Cards.CardGraphicTest" file="/home/asili/dbwebb-kurser/mvc/me/report/tests/Cards/CardGraphicTest.php" line="12" assertions="1" time="0.000758"/>
        <testcase name="testGetRepresentation" class="App\Classes\Cards\CardGraphicTest" classname="App.Classes.Cards.CardGraphicTest" file="/home/asili/dbwebb-kurser/mvc/me/report/tests/Cards/CardGraphicTest.php" line="22" assertions="1" time="0.000356"/>
      </testsuite>
      <testsuite name="CardHandTest" file="/home/asili/dbwebb-kurser/mvc/me/report/tests/Cards/CardHandTest.php" tests="7" assertions="13" errors="0" warnings="0" failures="0" skipped="0" time="0.004433">
        <testcase name="testCreateCardHand" class="CardHandTest" classname="CardHandTest" file="/home/asili/dbwebb-kurser/mvc/me/report/tests/Cards/CardHandTest.php" line="12" assertions="2" time="0.000382"/>
        <testcase name="testGetCards" class="CardHandTest" classname="CardHandTest" file="/home/asili/dbwebb-kurser/mvc/me/report/tests/Cards/CardHandTest.php" line="27" assertions="3" time="0.001515"/>
        <testcase name="testDrawCard" class="CardHandTest" classname="CardHandTest" file="/home/asili/dbwebb-kurser/mvc/me/report/tests/Cards/CardHandTest.php" line="42" assertions="2" time="0.000376"/>
        <testcase name="testDrawCardByName" class="CardHandTest" classname="CardHandTest" file="/home/asili/dbwebb-kurser/mvc/me/report/tests/Cards/CardHandTest.php" line="57" assertions="2" time="0.000444"/>
        <testcase name="testgetAllByName" class="CardHandTest" classname="CardHandTest" file="/home/asili/dbwebb-kurser/mvc/me/report/tests/Cards/CardHandTest.php" line="73" assertions="2" time="0.001050"/>
        <testcase name="testhideCards" class="CardHandTest" classname="CardHandTest" file="/home/asili/dbwebb-kurser/mvc/me/report/tests/Cards/CardHandTest.php" line="86" assertions="1" time="0.000352"/>
        <testcase name="testunhideCards" class="CardHandTest" classname="CardHandTest" file="/home/asili/dbwebb-kurser/mvc/me/report/tests/Cards/CardHandTest.php" line="100" assertions="1" time="0.000314"/>
      </testsuite>
      <testsuite name="App\Classes\Cards\CardTest" file="/home/asili/dbwebb-kurser/mvc/me/report/tests/Cards/CardTest.php" tests="4" assertions="7" errors="0" warnings="0" failures="0" skipped="0" time="0.001242">
        <testcase name="testCreateCard" class="App\Classes\Cards\CardTest" classname="App.Classes.Cards.CardTest" file="/home/asili/dbwebb-kurser/mvc/me/report/tests/Cards/CardTest.php" line="12" assertions="2" time="0.000342"/>
        <testcase name="testGetName" class="App\Classes\Cards\CardTest" classname="App.Classes.Cards.CardTest" file="/home/asili/dbwebb-kurser/mvc/me/report/tests/Cards/CardTest.php" line="32" assertions="1" time="0.000289"/>
        <testcase name="testSymbol" class="App\Classes\Cards\CardTest" classname="App.Classes.Cards.CardTest" file="/home/asili/dbwebb-kurser/mvc/me/report/tests/Cards/CardTest.php" line="41" assertions="1" time="0.000289"/>
        <testcase name="testHideCard" class="App\Classes\Cards\CardTest" classname="App.Classes.Cards.CardTest" file="/home/asili/dbwebb-kurser/mvc/me/report/tests/Cards/CardTest.php" line="50" assertions="3" time="0.000323"/>
      </testsuite>
      <testsuite name="App\Classes\Cards\DeckOfCardsTest" file="/home/asili/dbwebb-kurser/mvc/me/report/tests/Cards/DeckOfCardsTest.php" tests="8" assertions="20" errors="0" warnings="0" failures="0" skipped="0" time="0.008679">
        <testcase name="testCreateDeckOfCard" class="App\Classes\Cards\DeckOfCardsTest" classname="App.Classes.Cards.DeckOfCardsTest" file="/home/asili/dbwebb-kurser/mvc/me/report/tests/Cards/DeckOfCardsTest.php" line="13" assertions="4" time="0.000609"/>
        <testcase name="testAddJokersAndResetDeck" class="App\Classes\Cards\DeckOfCardsTest" classname="App.Classes.Cards.DeckOfCardsTest" file="/home/asili/dbwebb-kurser/mvc/me/report/tests/Cards/DeckOfCardsTest.php" line="30" assertions="2" time="0.000786"/>
        <testcase name="testShuffleDeck" class="App\Classes\Cards\DeckOfCardsTest" classname="App.Classes.Cards.DeckOfCardsTest" file="/home/asili/dbwebb-kurser/mvc/me/report/tests/Cards/DeckOfCardsTest.php" line="44" assertions="2" time="0.000663"/>
        <testcase name="testSortDeck" class="App\Classes\Cards\DeckOfCardsTest" classname="App.Classes.Cards.DeckOfCardsTest" file="/home/asili/dbwebb-kurser/mvc/me/report/tests/Cards/DeckOfCardsTest.php" line="58" assertions="2" time="0.003514"/>
        <testcase name="testDrawCard" class="App\Classes\Cards\DeckOfCardsTest" classname="App.Classes.Cards.DeckOfCardsTest" file="/home/asili/dbwebb-kurser/mvc/me/report/tests/Cards/DeckOfCardsTest.php" line="75" assertions="3" time="0.000915"/>
        <testcase name="testDealCards" class="App\Classes\Cards\DeckOfCardsTest" classname="App.Classes.Cards.DeckOfCardsTest" file="/home/asili/dbwebb-kurser/mvc/me/report/tests/Cards/DeckOfCardsTest.php" line="92" assertions="5" time="0.001040"/>
        <testcase name="testDealThreeCardsToZeroPlayers" class="App\Classes\Cards\DeckOfCardsTest" classname="App.Classes.Cards.DeckOfCardsTest" file="/home/asili/dbwebb-kurser/mvc/me/report/tests/Cards/DeckOfCardsTest.php" line="110" assertions="1" time="0.000585"/>
        <testcase name="testDealZeroCardsToThreePlayers" class="App\Classes\Cards\DeckOfCardsTest" classname="App.Classes.Cards.DeckOfCardsTest" file="/home/asili/dbwebb-kurser/mvc/me/report/tests/Cards/DeckOfCardsTest.php" line="118" assertions="1" time="0.000567"/>
      </testsuite>
      <testsuite name="App\Classes\SkitGubbe\SkitGubbeHandTest" file="/home/asili/dbwebb-kurser/mvc/me/report/tests/SkitGubbe/SkitGubbeHandTest.php" tests="2" assertions="5" errors="0" warnings="0" failures="0" skipped="0" time="0.000813">
        <testcase name="testCardPoints" class="App\Classes\SkitGubbe\SkitGubbeHandTest" classname="App.Classes.SkitGubbe.SkitGubbeHandTest" file="/home/asili/dbwebb-kurser/mvc/me/report/tests/SkitGubbe/SkitGubbeHandTest.php" line="18" assertions="1" time="0.000319"/>
        <testcase name="testGetNextBigger" class="App\Classes\SkitGubbe\SkitGubbeHandTest" classname="App.Classes.SkitGubbe.SkitGubbeHandTest" file="/home/asili/dbwebb-kurser/mvc/me/report/tests/SkitGubbe/SkitGubbeHandTest.php" line="27" assertions="4" time="0.000494"/>
      </testsuite>
      <testsuite name="App\Classes\SkitGubbe\SkitGubbeTest" file="/home/asili/dbwebb-kurser/mvc/me/report/tests/SkitGubbe/SkitGubbeTest.php" tests="10" assertions="41" errors="0" warnings="0" failures="0" skipped="0" time="0.015461">
        <testcase name="testStartGame" class="App\Classes\SkitGubbe\SkitGubbeTest" classname="App.Classes.SkitGubbe.SkitGubbeTest" file="/home/asili/dbwebb-kurser/mvc/me/report/tests/SkitGubbe/SkitGubbeTest.php" line="14" assertions="14" time="0.002919">
          <system-out>Array
(
    [0] =&gt; App\Classes\Cards\CardGraphic Object
        (
            [allowedNames:protected] =&gt; Array
                (
                    [0] =&gt; joker
                    [1] =&gt; A
                    [2] =&gt; 2
                    [3] =&gt; 3
                    [4] =&gt; 4
                    [5] =&gt; 5
                    [6] =&gt; 6
                    [7] =&gt; 7
                    [8] =&gt; 8
                    [9] =&gt; 9
                    [10] =&gt; 10
                    [11] =&gt; J
                    [12] =&gt; Q
                    [13] =&gt; K
                )

            [allowedSymbols:protected] =&gt; Array
                (
                    [0] =&gt; hearts
                    [1] =&gt; diamonds
                    [2] =&gt; spades
                    [3] =&gt; clubs
                    [4] =&gt; joker
                )

            [name:protected] =&gt; 2
            [symbol:protected] =&gt; clubs
            [hidden:protected] =&gt; 1
            [representation:App\Classes\Cards\CardGraphic:private] =&gt; Array
                (
                    [hearts] =&gt; hearts.svg
                    [diamonds] =&gt; diamonds.svg
                    [spades] =&gt; spades.svg
                    [clubs] =&gt; clubs.svg
                    [joker] =&gt; joker.svg
                )

        )

    [1] =&gt; App\Classes\Cards\CardGraphic Object
        (
            [allowedNames:protected] =&gt; Array
                (
                    [0] =&gt; joker
                    [1] =&gt; A
                    [2] =&gt; 2
                    [3] =&gt; 3
                    [4] =&gt; 4
                    [5] =&gt; 5
                    [6] =&gt; 6
                    [7] =&gt; 7
                    [8] =&gt; 8
                    [9] =&gt; 9
                    [10] =&gt; 10
                    [11] =&gt; J
                    [12] =&gt; Q
                    [13] =&gt; K
                )

            [allowedSymbols:protected] =&gt; Array
                (
                    [0] =&gt; hearts
                    [1] =&gt; diamonds
                    [2] =&gt; spades
                    [3] =&gt; clubs
                    [4] =&gt; joker
                )

            [name:protected] =&gt; 4
            [symbol:protected] =&gt; hearts
            [hidden:protected] =&gt; 1
            [representation:App\Classes\Cards\CardGraphic:private] =&gt; Array
                (
                    [hearts] =&gt; hearts.svg
                    [diamonds] =&gt; diamonds.svg
                    [spades] =&gt; spades.svg
                    [clubs] =&gt; clubs.svg
                    [joker] =&gt; joker.svg
                )

        )

    [2] =&gt; App\Classes\Cards\CardGraphic Object
        (
            [allowedNames:protected] =&gt; Array
                (
                    [0] =&gt; joker
                    [1] =&gt; A
                    [2] =&gt; 2
                    [3] =&gt; 3
                    [4] =&gt; 4
                    [5] =&gt; 5
                    [6] =&gt; 6
                    [7] =&gt; 7
                    [8] =&gt; 8
                    [9] =&gt; 9
                    [10] =&gt; 10
                    [11] =&gt; J
                    [12] =&gt; Q
                    [13] =&gt; K
                )

            [allowedSymbols:protected] =&gt; Array
                (
                    [0] =&gt; hearts
                    [1] =&gt; diamonds
                    [2] =&gt; spades
                    [3] =&gt; clubs
                    [4] =&gt; joker
                )

            [name:protected] =&gt; 7
            [symbol:protected] =&gt; hearts
            [hidden:protected] =&gt; 1
            [representation:App\Classes\Cards\CardGraphic:private] =&gt; Array
                (
                    [hearts] =&gt; hearts.svg
                    [diamonds] =&gt; diamonds.svg
                    [spades] =&gt; spades.svg
                    [clubs] =&gt; clubs.svg
                    [joker] =&gt; joker.svg
                )

        )

)
</system-out>
        </testcase>
        <testcase name="testGetGameData" class="App\Classes\SkitGubbe\SkitGubbeTest" classname="App.Classes.SkitGubbe.SkitGubbeTest" file="/home/asili/dbwebb-kurser/mvc/me/report/tests/SkitGubbe/SkitGubbeTest.php" line="52" assertions="1" time="0.000993"/>
        <testcase name="testDiscard" class="App\Classes\SkitGubbe\SkitGubbeTest" classname="App.Classes.SkitGubbe.SkitGubbeTest" file="/home/asili/dbwebb-kurser/mvc/me/report/tests/SkitGubbe/SkitGubbeTest.php" line="58" assertions="4" time="0.001154"/>
        <testcase name="testCardExists" class="App\Classes\SkitGubbe\SkitGubbeTest" classname="App.Classes.SkitGubbe.SkitGubbeTest" file="/home/asili/dbwebb-kurser/mvc/me/report/tests/SkitGubbe/SkitGubbeTest.php" line="86" assertions="2" time="0.001002"/>
        <testcase name="testUsePlayerFloor" class="App\Classes\SkitGubbe\SkitGubbeTest" classname="App.Classes.SkitGubbe.SkitGubbeTest" file="/home/asili/dbwebb-kurser/mvc/me/report/tests/SkitGubbe/SkitGubbeTest.php" line="99" assertions="3" time="0.001102"/>
        <testcase name="testAddToFloor" class="App\Classes\SkitGubbe\SkitGubbeTest" classname="App.Classes.SkitGubbe.SkitGubbeTest" file="/home/asili/dbwebb-kurser/mvc/me/report/tests/SkitGubbe/SkitGubbeTest.php" line="132" assertions="8" time="0.002695"/>
        <testcase name="testAvailability" class="App\Classes\SkitGubbe\SkitGubbeTest" classname="App.Classes.SkitGubbe.SkitGubbeTest" file="/home/asili/dbwebb-kurser/mvc/me/report/tests/SkitGubbe/SkitGubbeTest.php" line="203" assertions="3" time="0.001929"/>
        <testcase name="testCheckWinner" class="App\Classes\SkitGubbe\SkitGubbeTest" classname="App.Classes.SkitGubbe.SkitGubbeTest" file="/home/asili/dbwebb-kurser/mvc/me/report/tests/SkitGubbe/SkitGubbeTest.php" line="225" assertions="3" time="0.001415"/>
        <testcase name="testSetMessage" class="App\Classes\SkitGubbe\SkitGubbeTest" classname="App.Classes.SkitGubbe.SkitGubbeTest" file="/home/asili/dbwebb-kurser/mvc/me/report/tests/SkitGubbe/SkitGubbeTest.php" line="281" assertions="1" time="0.001156"/>
        <testcase name="testFillHand" class="App\Classes\SkitGubbe\SkitGubbeTest" classname="App.Classes.SkitGubbe.SkitGubbeTest" file="/home/asili/dbwebb-kurser/mvc/me/report/tests/SkitGubbe/SkitGubbeTest.php" line="289" assertions="2" time="0.001095"/>
      </testsuite>
    </testsuite>
  </testsuite>
</testsuites>
