<?xml version="1.0" encoding="UTF-8"?>
<testsuites>
  <testsuite name="" tests="22" assertions="58" errors="0" warnings="0" failures="0" skipped="0" time="0.035806">
    <testsuite name="Project Test Suite" tests="22" assertions="58" errors="0" warnings="0" failures="0" skipped="0" time="0.035806">
      <testsuite name="App\Classes\BlackJackGame\BlackJackGameTest" file="/home/asili/dbwebb-kurser/mvc/me/report/tests/BlackJackGame/BlackJackGameTest.php" tests="3" assertions="18" errors="0" warnings="0" failures="0" skipped="0" time="0.019152">
        <testcase name="testStartGame" class="App\Classes\BlackJackGame\BlackJackGameTest" classname="App.Classes.BlackJackGame.BlackJackGameTest" file="/home/asili/dbwebb-kurser/mvc/me/report/tests/BlackJackGame/BlackJackGameTest.php" line="14" assertions="8" time="0.010551"/>
        <testcase name="testHit" class="App\Classes\BlackJackGame\BlackJackGameTest" classname="App.Classes.BlackJackGame.BlackJackGameTest" file="/home/asili/dbwebb-kurser/mvc/me/report/tests/BlackJackGame/BlackJackGameTest.php" line="42" assertions="2" time="0.001031"/>
        <testcase name="testStand" class="App\Classes\BlackJackGame\BlackJackGameTest" classname="App.Classes.BlackJackGame.BlackJackGameTest" file="/home/asili/dbwebb-kurser/mvc/me/report/tests/BlackJackGame/BlackJackGameTest.php" line="69" assertions="8" time="0.007570"/>
      </testsuite>
      <testsuite name="App\Classes\BlackJackGame\BlackJackHandTest" file="/home/asili/dbwebb-kurser/mvc/me/report/tests/BlackJackGame/BlackJackHandTest.php" tests="2" assertions="4" errors="0" warnings="0" failures="0" skipped="0" time="0.000798">
        <testcase name="testCreateHand" class="App\Classes\BlackJackGame\BlackJackHandTest" classname="App.Classes.BlackJackGame.BlackJackHandTest" file="/home/asili/dbwebb-kurser/mvc/me/report/tests/BlackJackGame/BlackJackHandTest.php" line="17" assertions="1" time="0.000388"/>
        <testcase name="testHandGetPoints" class="App\Classes\BlackJackGame\BlackJackHandTest" classname="App.Classes.BlackJackGame.BlackJackHandTest" file="/home/asili/dbwebb-kurser/mvc/me/report/tests/BlackJackGame/BlackJackHandTest.php" line="26" assertions="3" time="0.000411"/>
      </testsuite>
      <testsuite name="App\Classes\Cards\CardGraphicTest" file="/home/asili/dbwebb-kurser/mvc/me/report/tests/Cards/CardGraphicTest.php" tests="2" assertions="2" errors="0" warnings="0" failures="0" skipped="0" time="0.000976">
        <testcase name="testCreateCard" class="App\Classes\Cards\CardGraphicTest" classname="App.Classes.Cards.CardGraphicTest" file="/home/asili/dbwebb-kurser/mvc/me/report/tests/Cards/CardGraphicTest.php" line="12" assertions="1" time="0.000677"/>
        <testcase name="testGetRepresentation" class="App\Classes\Cards\CardGraphicTest" classname="App.Classes.Cards.CardGraphicTest" file="/home/asili/dbwebb-kurser/mvc/me/report/tests/Cards/CardGraphicTest.php" line="22" assertions="1" time="0.000299"/>
      </testsuite>
      <testsuite name="CardHandTest" file="/home/asili/dbwebb-kurser/mvc/me/report/tests/Cards/CardHandTest.php" tests="3" assertions="7" errors="0" warnings="0" failures="0" skipped="0" time="0.002452">
        <testcase name="testCreateCardHand" class="CardHandTest" classname="CardHandTest" file="/home/asili/dbwebb-kurser/mvc/me/report/tests/Cards/CardHandTest.php" line="12" assertions="2" time="0.000297"/>
        <testcase name="testGetCards" class="CardHandTest" classname="CardHandTest" file="/home/asili/dbwebb-kurser/mvc/me/report/tests/Cards/CardHandTest.php" line="27" assertions="3" time="0.001693"/>
        <testcase name="testDrawCard" class="CardHandTest" classname="CardHandTest" file="/home/asili/dbwebb-kurser/mvc/me/report/tests/Cards/CardHandTest.php" line="42" assertions="2" time="0.000461"/>
      </testsuite>
      <testsuite name="App\Classes\Cards\CardTest" file="/home/asili/dbwebb-kurser/mvc/me/report/tests/Cards/CardTest.php" tests="4" assertions="7" errors="0" warnings="0" failures="0" skipped="0" time="0.001310">
        <testcase name="testCreateCard" class="App\Classes\Cards\CardTest" classname="App.Classes.Cards.CardTest" file="/home/asili/dbwebb-kurser/mvc/me/report/tests/Cards/CardTest.php" line="12" assertions="2" time="0.000384"/>
        <testcase name="testGetName" class="App\Classes\Cards\CardTest" classname="App.Classes.Cards.CardTest" file="/home/asili/dbwebb-kurser/mvc/me/report/tests/Cards/CardTest.php" line="32" assertions="1" time="0.000302"/>
        <testcase name="testSymbol" class="App\Classes\Cards\CardTest" classname="App.Classes.Cards.CardTest" file="/home/asili/dbwebb-kurser/mvc/me/report/tests/Cards/CardTest.php" line="41" assertions="1" time="0.000309"/>
        <testcase name="testHideCard" class="App\Classes\Cards\CardTest" classname="App.Classes.Cards.CardTest" file="/home/asili/dbwebb-kurser/mvc/me/report/tests/Cards/CardTest.php" line="50" assertions="3" time="0.000314"/>
      </testsuite>
      <testsuite name="App\Classes\Cards\DeckOfCardsTest" file="/home/asili/dbwebb-kurser/mvc/me/report/tests/Cards/DeckOfCardsTest.php" tests="8" assertions="20" errors="0" warnings="0" failures="0" skipped="0" time="0.011117">
        <testcase name="testCreateDeckOfCard" class="App\Classes\Cards\DeckOfCardsTest" classname="App.Classes.Cards.DeckOfCardsTest" file="/home/asili/dbwebb-kurser/mvc/me/report/tests/Cards/DeckOfCardsTest.php" line="13" assertions="4" time="0.000645"/>
        <testcase name="testAddJokersAndResetDeck" class="App\Classes\Cards\DeckOfCardsTest" classname="App.Classes.Cards.DeckOfCardsTest" file="/home/asili/dbwebb-kurser/mvc/me/report/tests/Cards/DeckOfCardsTest.php" line="30" assertions="2" time="0.001483"/>
        <testcase name="testShuffleDeck" class="App\Classes\Cards\DeckOfCardsTest" classname="App.Classes.Cards.DeckOfCardsTest" file="/home/asili/dbwebb-kurser/mvc/me/report/tests/Cards/DeckOfCardsTest.php" line="44" assertions="2" time="0.000591"/>
        <testcase name="testSortDeck" class="App\Classes\Cards\DeckOfCardsTest" classname="App.Classes.Cards.DeckOfCardsTest" file="/home/asili/dbwebb-kurser/mvc/me/report/tests/Cards/DeckOfCardsTest.php" line="58" assertions="2" time="0.004130"/>
        <testcase name="testDrawCard" class="App\Classes\Cards\DeckOfCardsTest" classname="App.Classes.Cards.DeckOfCardsTest" file="/home/asili/dbwebb-kurser/mvc/me/report/tests/Cards/DeckOfCardsTest.php" line="75" assertions="3" time="0.001428"/>
        <testcase name="testDealCards" class="App\Classes\Cards\DeckOfCardsTest" classname="App.Classes.Cards.DeckOfCardsTest" file="/home/asili/dbwebb-kurser/mvc/me/report/tests/Cards/DeckOfCardsTest.php" line="92" assertions="5" time="0.001536"/>
        <testcase name="testDealThreeCardsToZeroPlayers" class="App\Classes\Cards\DeckOfCardsTest" classname="App.Classes.Cards.DeckOfCardsTest" file="/home/asili/dbwebb-kurser/mvc/me/report/tests/Cards/DeckOfCardsTest.php" line="110" assertions="1" time="0.000685"/>
        <testcase name="testDealZeroCardsToThreePlayers" class="App\Classes\Cards\DeckOfCardsTest" classname="App.Classes.Cards.DeckOfCardsTest" file="/home/asili/dbwebb-kurser/mvc/me/report/tests/Cards/DeckOfCardsTest.php" line="118" assertions="1" time="0.000619"/>
      </testsuite>
    </testsuite>
  </testsuite>
</testsuites>
